<?xml version="1.0" encoding="UTF-8"?>
<testng-results ignored="0" total="2" passed="2" failed="0" skipped="0">
  <reporter-output>
  </reporter-output>
  <suite started-at="2024-05-03T21:58:33 IST" name="Suite" finished-at="2024-05-03T21:59:26 IST" duration-ms="52445">
    <groups>
    </groups>
    <test started-at="2024-05-03T21:58:33 IST" name="Test" finished-at="2024-05-03T21:59:26 IST" duration-ms="52445">
      <class name="testNG1.parallel2">
        <test-method signature="openGoogle()[pri:0, instance:testNG1.parallel2@6404f418]" started-at="2024-05-03T21:58:33 IST" name="openGoogle" finished-at="2024-05-03T21:59:24 IST" duration-ms="50351" status="PASS">
          <reporter-output>
          </reporter-output>
        </test-method> <!-- openGoogle -->
        <test-method signature="openBing()[pri:0, instance:testNG1.parallel2@6404f418]" started-at="2024-05-03T21:58:33 IST" name="openBing" finished-at="2024-05-03T21:59:26 IST" duration-ms="52425" status="PASS">
          <reporter-output>
          </reporter-output>
        </test-method> <!-- openBing -->
      </class> <!-- testNG1.parallel2 -->
    </test> <!-- Test -->
  </suite> <!-- Suite -->
</testng-results>
