<?xml version="1.0" encoding="UTF-8"?>
<testng-results ignored="0" total="1" passed="1" failed="0" skipped="0">
  <reporter-output>
  </reporter-output>
  <suite started-at="2023-12-29T13:51:49 IST" name="Default suite" finished-at="2023-12-29T13:51:52 IST" duration-ms="2834">
    <groups>
    </groups>
    <test started-at="2023-12-29T13:51:49 IST" name="Default test" finished-at="2023-12-29T13:51:52 IST" duration-ms="2834">
      <class name="workout.screenShot">
        <test-method is-config="true" signature="beforeClass()[pri:0, instance:workout.screenShot@12aba8be]" started-at="2023-12-29T13:51:49 IST" name="beforeClass" finished-at="2023-12-29T13:51:51 IST" duration-ms="2639" status="PASS">
          <reporter-output>
          </reporter-output>
        </test-method> <!-- beforeClass -->
        <test-method signature="f()[pri:0, instance:workout.screenShot@12aba8be]" started-at="2023-12-29T13:51:51 IST" name="f" finished-at="2023-12-29T13:51:51 IST" duration-ms="95" status="PASS">
          <reporter-output>
          </reporter-output>
        </test-method> <!-- f -->
        <test-method is-config="true" signature="afterClass()[pri:0, instance:workout.screenShot@12aba8be]" started-at="2023-12-29T13:51:51 IST" name="afterClass" finished-at="2023-12-29T13:51:52 IST" duration-ms="82" status="PASS">
          <reporter-output>
          </reporter-output>
        </test-method> <!-- afterClass -->
      </class> <!-- workout.screenShot -->
    </test> <!-- Default test -->
  </suite> <!-- Default suite -->
</testng-results>
